<?xml version="1.0" encoding="UTF-8"?>
<testng-results ignored="0" total="1" passed="1" failed="0" skipped="0">
  <reporter-output>
  </reporter-output>
  <suite started-at="2025-01-24T10:46:36 IST" name="Default suite" finished-at="2025-01-24T10:47:01 IST" duration-ms="24593">
    <groups>
    </groups>
    <test started-at="2025-01-24T10:46:36 IST" name="Default test" finished-at="2025-01-24T10:47:01 IST" duration-ms="24593">
      <class name="sample.AndroidTest">
        <test-method is-config="true" signature="setup()[pri:0, instance:sample.AndroidTest@1573f9fc]" started-at="2025-01-24T10:46:36 IST" name="setup" finished-at="2025-01-24T10:46:58 IST" duration-ms="22077" status="PASS">
          <reporter-output>
          </reporter-output>
        </test-method> <!-- setup -->
        <test-method signature="testLogin()[pri:0, instance:sample.AndroidTest@1573f9fc]" started-at="2025-01-24T10:46:58 IST" name="testLogin" finished-at="2025-01-24T10:47:00 IST" duration-ms="1454" status="PASS">
          <reporter-output>
          </reporter-output>
        </test-method> <!-- testLogin -->
        <test-method is-config="true" signature="tearDown()[pri:0, instance:sample.AndroidTest@1573f9fc]" started-at="2025-01-24T10:47:00 IST" name="tearDown" finished-at="2025-01-24T10:47:01 IST" duration-ms="1013" status="PASS">
          <reporter-output>
          </reporter-output>
        </test-method> <!-- tearDown -->
      </class> <!-- sample.AndroidTest -->
    </test> <!-- Default test -->
  </suite> <!-- Default suite -->
</testng-results>
